===========================================Miner log===========================================
1970-01-01 00:00:10 Open miner sn file /config/sn error
1970-01-01 00:00:10 Miner compile time: Tue Dec  6 16:12:30 CST 2022 type: Antminer S19 Pro sn :
1970-01-01 00:00:11 This is fix-freq version
1970-01-01 00:00:11 Miner compile time: Tue Dec  6 16:12:30 CST 2022 type: Antminer S19 Pro
1970-01-01 00:00:11 commit version: dd076742 2022-10-27 22:42:25, build by: jenkins 2022-12-06 16:28:38
1970-01-01 00:00:11 opt_multi_version     = 1
1970-01-01 00:00:11 opt_bitmain_ab        = 1
1970-01-01 00:00:11 mid_auto_gen          = 0
1970-01-01 00:00:11 opt_bitmain_work_mode = 0
1970-01-01 00:00:11 mmap fpga_mem_addr_hal = 0xb5800000
1970-01-01 00:00:11 HASH_ON_PLUG V9 = 0x7
1970-01-01 00:00:11 Note: front fan is power on!
1970-01-01 00:00:11 Note: rear fan is power on!
1970-01-01 00:00:11 start the http log.
1970-01-01 00:00:11 httpListenThread start ret=0
1970-01-01 00:00:11 start listen on 6060 ...
1970-01-01 00:00:11 load machine NBP1901 conf
1970-01-01 00:00:11 machine : NBP1901
1970-01-01 00:00:11 chain_num 4, chain_domain_num 38, chain_asic_num 114, domain_asic_num 3
2025-09-29 20:39:05 miner ID : 8040440457104814
2025-09-29 20:39:05 FPGA Version = 0xB031
2025-09-29 20:39:05 HASH_ON_PLUG V9 = 0x7
2025-09-29 20:39:05 ==========================capability start==========================
2025-09-29 20:39:05 board num = 3
2025-09-29 20:39:05 board id = 0, chain num = 1
2025-09-29 20:39:05 	chain id = 0
2025-09-29 20:39:05 board id = 1, chain num = 1
2025-09-29 20:39:05 	chain id = 1
2025-09-29 20:39:05 board id = 2, chain num = 1
2025-09-29 20:39:05 	chain id = 2
2025-09-29 20:39:05 ==========================capability end============================
2025-09-29 20:39:05 chain num = 3
2025-09-29 20:39:06 [chain 0]
2025-09-29 20:39:06 0x0000 11 4A 5F 13 AA C8 54 88   11 AE 33 C0 82 21 E3 96
2025-09-29 20:39:06 0x0010 D6 03 65 63 70 63 F5 E6   2C EB D9 DF 23 F1 F5 60
2025-09-29 20:39:06 0x0020 3B D4 0B E2 ED A0 50 48   89 CB 77 C3 EB 64 97 63
2025-09-29 20:39:06 0x0030 EB BF 8C FD 27 86 33 C4   73 99 52 6B 6E 29 6D D8
2025-09-29 20:39:06 0x0040 D6 DF 24 49 D5 92 4D 30   68 12 FF FF FF FF FF FF
2025-09-29 20:39:06 0x0050 FF FF FF FF FF FF FF FF   FF FF FF FF FF FF FF FF
2025-09-29 20:39:06 0x0060 FF FF FF FF FF FF FF FF   FF FF FF FF FF FF FF FF
2025-09-29 20:39:06 0x0070 FF FF FF FF FF FF FF FF   FF FF FF FF FF FF FF FF
2025-09-29 20:39:06 0x0080 FF FF FF FF FF FF FF FF   FF FF FF FF FF FF FF FF
2025-09-29 20:39:06 0x0090 FF FF FF FF FF FF FF FF   FF FF FF FF FF FF FF FF
2025-09-29 20:39:06 0x00A0 FF FF FF FF FF FF FF FF   FF FF FF FF FF FF FF FF
2025-09-29 20:39:06 0x00B0 FF FF FF FF FF FF FF FF   FF FF FF FF FF FF FF FF
2025-09-29 20:39:06 0x00C0 FF FF FF FF FF FF FF FF   FF FF FF FF FF FF FF FF
2025-09-29 20:39:06 0x00D0 FF FF FF FF FF FF FF FF   FF FF FF FF FF FF FF FF
2025-09-29 20:39:06 0x00E0 FF FF FF FF FF FF FF FF   FF FF FF FF FF FF FF FF
2025-09-29 20:39:06 0x00F0 FF FF FF FF FF FF FF FF   FF FF FF FF FF FF FF 5A
2025-09-29 20:39:06
2025-09-29 20:39:08 [chain 1]
2025-09-29 20:39:08 0x0000 11 4A 81 6D 80 C8 7C D2   93 4A 94 7B D6 25 F0 85
2025-09-29 20:39:08 0x0010 0C FA ED 02 56 97 59 DE   BB 30 F6 92 BC B4 5A FE
2025-09-29 20:39:08 0x0020 14 F6 CB 96 16 06 2E 73   42 DC 04 42 14 85 DD E1
2025-09-29 20:39:08 0x0030 6F CE 42 B1 EC E7 49 B2   3E 74 C7 F6 FC 21 DC 80
2025-09-29 20:39:08 0x0040 5E 09 1F C9 AA FA 19 84   16 1B FF FF FF FF FF FF
2025-09-29 20:39:08 0x0050 FF FF FF FF FF FF FF FF   FF FF FF FF FF FF FF FF
2025-09-29 20:39:08 0x0060 FF FF FF FF FF FF FF FF   FF FF FF FF FF FF FF FF
2025-09-29 20:39:08 0x0070 FF FF FF FF FF FF FF FF   FF FF FF FF FF FF FF FF
2025-09-29 20:39:08 0x0080 FF FF FF FF FF FF FF FF   FF FF FF FF FF FF FF FF
2025-09-29 20:39:08 0x0090 FF FF FF FF FF FF FF FF   FF FF FF FF FF FF FF FF
2025-09-29 20:39:08 0x00A0 FF FF FF FF FF FF FF FF   FF FF FF FF FF FF FF FF
2025-09-29 20:39:08 0x00B0 FF FF FF FF FF FF FF FF   FF FF FF FF FF FF FF FF
2025-09-29 20:39:08 0x00C0 FF FF FF FF FF FF FF FF   FF FF FF FF FF FF FF FF
2025-09-29 20:39:08 0x00D0 FF FF FF FF FF FF FF FF   FF FF FF FF FF FF FF FF
2025-09-29 20:39:08 0x00E0 FF FF FF FF FF FF FF FF   FF FF FF FF FF FF FF FF
2025-09-29 20:39:08 0x00F0 FF FF FF FF FF FF FF FF   FF FF FF FF FF FF FF 5A
2025-09-29 20:39:08
2025-09-29 20:39:10 [chain 2]
2025-09-29 20:39:10 0x0000 11 4A 3B A7 90 08 AC 14   E4 0D 03 1C 82 AC BE 79
2025-09-29 20:39:10 0x0010 3A F7 62 66 36 6B 17 C7   20 44 A4 2B A6 E3 F3 28
2025-09-29 20:39:10 0x0020 A1 5E 11 13 74 17 34 C4   92 E7 F1 53 79 92 37 6D
2025-09-29 20:39:10 0x0030 04 C4 42 A0 F3 A3 55 8C   C0 83 B8 4D 70 7B BB 46
2025-09-29 20:39:10 0x0040 29 91 52 E0 05 C9 C4 A4   6C E1 FF FF FF FF FF FF
2025-09-29 20:39:10 0x0050 FF FF FF FF FF FF FF FF   FF FF FF FF FF FF FF FF
2025-09-29 20:39:10 0x0060 FF FF FF FF FF FF FF FF   FF FF FF FF FF FF FF FF
2025-09-29 20:39:10 0x0070 FF FF FF FF FF FF FF FF   FF FF FF FF FF FF FF FF
2025-09-29 20:39:10 0x0080 FF FF FF FF FF FF FF FF   FF FF FF FF FF FF FF FF
2025-09-29 20:39:10 0x0090 FF FF FF FF FF FF FF FF   FF FF FF FF FF FF FF FF
2025-09-29 20:39:10 0x00A0 FF FF FF FF FF FF FF FF   FF FF FF FF FF FF FF FF
2025-09-29 20:39:10 0x00B0 FF FF FF FF FF FF FF FF   FF FF FF FF FF FF FF FF
2025-09-29 20:39:10 0x00C0 FF FF FF FF FF FF FF FF   FF FF FF FF FF FF FF FF
2025-09-29 20:39:10 0x00D0 FF FF FF FF FF FF FF FF   FF FF FF FF FF FF FF FF
2025-09-29 20:39:10 0x00E0 FF FF FF FF FF FF FF FF   FF FF FF FF FF FF FF FF
2025-09-29 20:39:10 0x00F0 FF FF FF FF FF FF FF FF   FF FF FF FF FF FF FF 5A
2025-09-29 20:39:10
2025-09-29 20:39:10 fan_eft : 1  fan_pwm : 100
2025-09-29 20:39:10 create thread
2025-09-29 20:39:10 fixed working voltage = 1260
2025-09-29 20:39:10 Chain [0] PCB Version: 0x011e
2025-09-29 20:39:10 Chain [0] BOM Version: 0x0100
2025-09-29 20:39:10 Chain [1] PCB Version: 0x011e
2025-09-29 20:39:10 Chain [1] BOM Version: 0x0100
2025-09-29 20:39:10 Chain [2] PCB Version: 0x011e
2025-09-29 20:39:10 Chain [2] BOM Version: 0x0100
2025-09-29 20:39:12 Fan check passed.
2025-09-29 20:39:13 chain[0] PIC jump to app
2025-09-29 20:39:14 Check chain[0] PIC fw version=0x89
2025-09-29 20:39:16 chain[1] PIC jump to app
2025-09-29 20:39:17 Check chain[1] PIC fw version=0x89
2025-09-29 20:39:18 chain[2] PIC jump to app
2025-09-29 20:39:20 Check chain[2] PIC fw version=0x89
2025-09-29 20:39:20 create thread
2025-09-29 20:39:20 max sensor num = 4
2025-09-29 20:39:20 temperature_monitor_thread start...
2025-09-29 20:39:24 power type version: 0x0071
2025-09-29 20:39:24 Enter sleep to make sure power release finish.
2025-09-29 20:39:55 Slept 30 seconds, diff = 0.
2025-09-29 20:39:55 set_voltage_by_steps to 1500.
2025-09-29 20:40:01 start up min temp by 75a = 20
2025-09-29 20:40:01 set UART baud to 115200
2025-09-29 20:40:05 chain avg vol rise to 15.26
2025-09-29 20:40:09 Chain[0]: find 114 asic, times 0
2025-09-29 20:40:17 Chain[1]: find 114 asic, times 0
2025-09-29 20:40:24 Chain[2]: find 114 asic, times 0
2025-09-29 20:40:24 pulse_mode = 1, ccdly_sel = 1, pwth_sel = 1
2025-09-29 20:40:29 min freq in eeprom = 525
2025-09-29 20:40:29 fixed frequency is 525
2025-09-29 20:40:29 Bring up temperature is 20
2025-09-29 20:40:29 set UART baud to 12000000
2025-09-29 20:40:29 set_voltage_by_steps to 1260.
2025-09-29 20:40:36 STATUS_INITED: soc init done!
2025-09-29 20:40:36 create thread
2025-09-29 20:40:36 create thread
2025-09-29 20:40:37 fan_etf: Set fixed fan speed=100
2025-09-29 20:40:39 start to init...
2025-09-29 20:40:47 Init done!
2025-09-29 20:40:47 STATUS_OKAY
2025-09-29 20:40:47 start the cached job
2025-09-29 20:40:47 Version num 8
2025-09-29 20:40:47 Mask num 0xe000
2025-09-29 20:40:47 freq = 525, percent = 90, hcn = 12480, timeout = 449
2025-09-29 20:40:47 set_start_time_point total_tv_start_sys=121 total_tv_end_sys=122
2025-09-29 20:40:47 set_voltage_by_steps to 1282.
2025-09-29 20:42:59 set_voltage_by_steps to 1262.
2025-09-30 14:39:11 set_voltage_by_steps to 1260.
