===========================================Miner log===========================================
1970-01-01 00:00:10 Open miner sn file /config/sn error
1970-01-01 00:00:10 Miner compile time: Tue Dec  6 16:12:30 CST 2022 type: Antminer S19 Pro sn :
1970-01-01 00:00:11 This is fix-freq version
1970-01-01 00:00:11 Miner compile time: Tue Dec  6 16:12:30 CST 2022 type: Antminer S19 Pro
1970-01-01 00:00:11 commit version: dd076742 2022-10-27 22:42:25, build by: jenkins 2022-12-06 16:28:38
1970-01-01 00:00:11 opt_multi_version     = 1
1970-01-01 00:00:11 opt_bitmain_ab        = 1
1970-01-01 00:00:11 mid_auto_gen          = 0
1970-01-01 00:00:11 opt_bitmain_work_mode = 0
1970-01-01 00:00:11 mmap fpga_mem_addr_hal = 0xb5800000
1970-01-01 00:00:11 HASH_ON_PLUG V9 = 0x7
1970-01-01 00:00:11 Note: front fan is power on!
1970-01-01 00:00:11 Note: rear fan is power on!
1970-01-01 00:00:11 start the http log.
1970-01-01 00:00:11 httpListenThread start ret=0
1970-01-01 00:00:11 start listen on 6060 ...
1970-01-01 00:00:11 load machine NBP1901 conf
1970-01-01 00:00:11 machine : NBP1901
1970-01-01 00:00:11 chain_num 4, chain_domain_num 38, chain_asic_num 114, domain_asic_num 3
1970-01-01 00:00:17 miner ID : 8028cd881bdea81c
1970-01-01 00:00:17 FPGA Version = 0xB031
1970-01-01 00:00:17 HASH_ON_PLUG V9 = 0x7
1970-01-01 00:00:17 ==========================capability start==========================
1970-01-01 00:00:17 board num = 3
1970-01-01 00:00:17 board id = 0, chain num = 1
1970-01-01 00:00:17 	chain id = 0
1970-01-01 00:00:17 board id = 1, chain num = 1
1970-01-01 00:00:17 	chain id = 1
1970-01-01 00:00:17 board id = 2, chain num = 1
1970-01-01 00:00:17 	chain id = 2
1970-01-01 00:00:17 ==========================capability end============================
1970-01-01 00:00:17 chain num = 3
2025-10-06 23:59:29 [chain 0]
2025-10-06 23:59:29 0x0000 11 4A 3D 1C 37 B4 26 31   F2 B3 1C 11 1C E8 91 A4
2025-10-06 23:59:29 0x0010 51 64 CD 07 BF 7F 76 F5   87 C7 30 C3 B0 58 B3 3E
2025-10-06 23:59:29 0x0020 B8 30 57 A1 D1 AD 19 2B   0A DC C8 CC 24 78 70 1E
2025-10-06 23:59:29 0x0030 BF FC 9E 46 71 BD 6F C6   E6 D0 E0 20 97 A5 12 3F
2025-10-06 23:59:29 0x0040 54 A2 4D 54 39 20 C6 8A   A4 6E FF FF FF FF FF FF
2025-10-06 23:59:29 0x0050 FF FF FF FF FF FF FF FF   FF FF FF FF FF FF FF FF
2025-10-06 23:59:29 0x0060 FF FF FF FF FF FF FF FF   FF FF FF FF FF FF FF FF
2025-10-06 23:59:29 0x0070 FF FF FF FF FF FF FF FF   FF FF FF FF FF FF FF FF
2025-10-06 23:59:29 0x0080 FF FF FF FF FF FF FF FF   FF FF FF FF FF FF FF FF
2025-10-06 23:59:29 0x0090 FF FF FF FF FF FF FF FF   FF FF FF FF FF FF FF FF
2025-10-06 23:59:29 0x00A0 FF FF FF FF FF FF FF FF   FF FF FF FF FF FF FF FF
2025-10-06 23:59:29 0x00B0 FF FF FF FF FF FF FF FF   FF FF FF FF FF FF FF FF
2025-10-06 23:59:29 0x00C0 FF FF FF FF FF FF FF FF   FF FF FF FF FF FF FF FF
2025-10-06 23:59:29 0x00D0 FF FF FF FF FF FF FF FF   FF FF FF FF FF FF FF FF
2025-10-06 23:59:29 0x00E0 FF FF FF FF FF FF FF FF   FF FF FF FF FF FF FF FF
2025-10-06 23:59:29 0x00F0 FF FF FF FF FF FF FF FF   FF FF FF FF FF FF FF 5A
2025-10-06 23:59:29
2025-10-06 23:59:31 [chain 1]
2025-10-06 23:59:31 0x0000 11 4A 82 7D FF D2 26 64   22 C3 78 AB 26 A7 40 A2
2025-10-06 23:59:31 0x0010 A2 D1 85 40 E2 03 AC 13   A3 DE 95 22 43 A3 0C 67
2025-10-06 23:59:31 0x0020 E8 81 B1 86 51 73 AB C4   EA 19 96 37 F5 17 1A DB
2025-10-06 23:59:31 0x0030 E4 86 F7 82 12 B2 6A 6F   79 6B F1 2A DE 0F 74 FD
2025-10-06 23:59:31 0x0040 72 A7 C1 DF A8 34 C6 24   48 78 FF FF FF FF FF FF
2025-10-06 23:59:31 0x0050 FF FF FF FF FF FF FF FF   FF FF FF FF FF FF FF FF
2025-10-06 23:59:31 0x0060 FF FF FF FF FF FF FF FF   FF FF FF FF FF FF FF FF
2025-10-06 23:59:31 0x0070 FF FF FF FF FF FF FF FF   FF FF FF FF FF FF FF FF
2025-10-06 23:59:31 0x0080 FF FF FF FF FF FF FF FF   FF FF FF FF FF FF FF FF
2025-10-06 23:59:31 0x0090 FF FF FF FF FF FF FF FF   FF FF FF FF FF FF FF FF
2025-10-06 23:59:31 0x00A0 FF FF FF FF FF FF FF FF   FF FF FF FF FF FF FF FF
2025-10-06 23:59:31 0x00B0 FF FF FF FF FF FF FF FF   FF FF FF FF FF FF FF FF
2025-10-06 23:59:31 0x00C0 FF FF FF FF FF FF FF FF   FF FF FF FF FF FF FF FF
2025-10-06 23:59:31 0x00D0 FF FF FF FF FF FF FF FF   FF FF FF FF FF FF FF FF
2025-10-06 23:59:31 0x00E0 FF FF FF FF FF FF FF FF   FF FF FF FF FF FF FF FF
2025-10-06 23:59:31 0x00F0 FF FF FF FF FF FF FF FF   FF FF FF FF FF FF FF 5A
2025-10-06 23:59:31
2025-10-06 23:59:33 [chain 2]
2025-10-06 23:59:33 0x0000 11 4A 4F 06 E4 A5 12 6B   13 2C 3F 52 F4 77 24 19
2025-10-06 23:59:33 0x0010 64 89 C9 B7 23 30 AE 70   E7 8D 3F 97 CE 4A 24 43
2025-10-06 23:59:33 0x0020 9B 82 B8 7F 31 FA 92 32   DB EA 6F 6E 64 37 0F 33
2025-10-06 23:59:33 0x0030 89 09 81 98 DF BF 3A 04   ED 4C D5 41 EC CA 2F A7
2025-10-06 23:59:33 0x0040 75 F1 E0 23 7E 6F 40 35   79 F3 FF FF FF FF FF FF
2025-10-06 23:59:33 0x0050 FF FF FF FF FF FF FF FF   FF FF FF FF FF FF FF FF
2025-10-06 23:59:33 0x0060 FF FF FF FF FF FF FF FF   FF FF FF FF FF FF FF FF
2025-10-06 23:59:33 0x0070 FF FF FF FF FF FF FF FF   FF FF FF FF FF FF FF FF
2025-10-06 23:59:33 0x0080 FF FF FF FF FF FF FF FF   FF FF FF FF FF FF FF FF
2025-10-06 23:59:33 0x0090 FF FF FF FF FF FF FF FF   FF FF FF FF FF FF FF FF
2025-10-06 23:59:33 0x00A0 FF FF FF FF FF FF FF FF   FF FF FF FF FF FF FF FF
2025-10-06 23:59:33 0x00B0 FF FF FF FF FF FF FF FF   FF FF FF FF FF FF FF FF
2025-10-06 23:59:33 0x00C0 FF FF FF FF FF FF FF FF   FF FF FF FF FF FF FF FF
2025-10-06 23:59:33 0x00D0 FF FF FF FF FF FF FF FF   FF FF FF FF FF FF FF FF
2025-10-06 23:59:33 0x00E0 FF FF FF FF FF FF FF FF   FF FF FF FF FF FF FF FF
2025-10-06 23:59:33 0x00F0 FF FF FF FF FF FF FF FF   FF FF FF FF FF FF FF 5A
2025-10-06 23:59:33
2025-10-06 23:59:33 fan_eft : 1  fan_pwm : 100
2025-10-06 23:59:33 create thread
2025-10-06 23:59:33 fixed working voltage = 1260
2025-10-06 23:59:33 Chain [0] PCB Version: 0x011e
2025-10-06 23:59:33 Chain [0] BOM Version: 0x0100
2025-10-06 23:59:33 Chain [1] PCB Version: 0x011e
2025-10-06 23:59:33 Chain [1] BOM Version: 0x0100
2025-10-06 23:59:33 Chain [2] PCB Version: 0x011e
2025-10-06 23:59:33 Chain [2] BOM Version: 0x0100
2025-10-06 23:59:35 Fan check passed.
2025-10-06 23:59:36 chain[0] PIC jump to app
2025-10-06 23:59:37 Check chain[0] PIC fw version=0x89
2025-10-06 23:59:39 chain[1] PIC jump to app
2025-10-06 23:59:40 Check chain[1] PIC fw version=0x89
2025-10-06 23:59:41 chain[2] PIC jump to app
2025-10-06 23:59:43 Check chain[2] PIC fw version=0x89
2025-10-06 23:59:43 create thread
2025-10-06 23:59:43 max sensor num = 4
2025-10-06 23:59:43 temperature_monitor_thread start...
2025-10-06 23:59:48 power type version: 0x0071
2025-10-06 23:59:48 Enter sleep to make sure power release finish.
2025-10-07 00:00:19 Slept 30 seconds, diff = 4.
2025-10-07 00:00:19 set_voltage_by_steps to 1500.
2025-10-07 00:00:24 start up min temp by 75a = 22
2025-10-07 00:00:24 set UART baud to 115200
2025-10-07 00:00:28 chain avg vol rise to 15.21
2025-10-07 00:00:32 Chain[0]: find 114 asic, times 0
2025-10-07 00:00:40 Chain[1]: find 114 asic, times 0
2025-10-07 00:00:48 Chain[2]: find 114 asic, times 0
2025-10-07 00:00:48 pulse_mode = 1, ccdly_sel = 1, pwth_sel = 1
2025-10-07 00:00:52 min freq in eeprom = 525
2025-10-07 00:00:52 fixed frequency is 525
2025-10-07 00:00:52 Bring up temperature is 22
2025-10-07 00:00:52 set UART baud to 12000000
2025-10-07 00:00:53 set_voltage_by_steps to 1260.
2025-10-07 00:01:00 STATUS_INITED: soc init done!
2025-10-07 00:01:00 create thread
2025-10-07 00:01:00 create thread
2025-10-07 00:01:01 fan_etf: Set fixed fan speed=100
2025-10-07 00:01:02 start to init...
2025-10-07 00:01:10 Init done!
2025-10-07 00:01:10 STATUS_OKAY
2025-10-07 00:01:10 start the cached job
2025-10-07 00:01:10 Version num 8
2025-10-07 00:01:10 Mask num 0xe000
2025-10-07 00:01:10 freq = 525, percent = 90, hcn = 12480, timeout = 449
2025-10-07 00:01:10 set_start_time_point total_tv_start_sys=121 total_tv_end_sys=122
2025-10-07 00:01:10 set_voltage_by_steps to 1280.
